<?xml version="1.0" encoding="UTF-8"?>
<testsuite xmlns:xsi="http://www.w3.org/2001/XMLSchema-instance" xsi:noNamespaceSchemaLocation="https://maven.apache.org/surefire/maven-surefire-plugin/xsd/surefire-test-report.xsd" version="3.0.2" name="com.example.uade.tpo.Farmacia.FarmaciaApplicationTests" time="6.611" tests="1" errors="0" skipped="0" failures="0">
  <properties>
[...]
</properties>
  <testcase name="contextLoads" classname="com.example.uade.tpo.Farmacia.FarmaciaApplicationTests" time="0.479">
    <system-out><![CDATA[21:36:39.888 [main] INFO org.springframework.test.context.support.AnnotationConfigContextLoaderUtils -- Could not detect default configuration classes for test class [com.example.uade.tpo.Farmacia.FarmaciaApplicationTests]: FarmaciaApplicationTests does not declare any static, non-private, non-final, nested classes annotated with @Configuration.
21:36:39.971 [main] INFO org.springframework.boot.test.context.SpringBootTestContextBootstrapper -- Found @SpringBootConfiguration com.example.uade.tpo.Farmacia.FarmaciaApplication for test class com.example.uade.tpo.Farmacia.FarmaciaApplicationTests
21:36:40.125 [main] INFO org.springframework.boot.devtools.restart.RestartApplicationListener -- Restart disabled due to context in which it is running

  .   ____          _            __ _ _
 /\\ / ___'_ __ _ _(_)_ __  __ _ \ \ \ \
( ( )\___ | '_ | '_| | '_ \/ _` | \ \ \ \
 \\/  ___)| |_)| | | | | || (_| |  ) ) ) )
  '  |____| .__|_| |_|_| |_\__, | / / / /
 =========|_|==============|___/=/_/_/_/

 :: Spring Boot ::                (v3.5.4)

2025-09-14T21:36:40.419-03:00  INFO 77057 --- [Farmacia] [           main] c.e.u.t.F.FarmaciaApplicationTests       : Starting FarmaciaApplicationTests using Java 17.0.16 with PID 77057 (started by benjacosta in /Users/benjacosta/Documents/FarmaciaTPO/Farmacia)
2025-09-14T21:36:40.421-03:00 DEBUG 77057 --- [Farmacia] [           main] c.e.u.t.F.FarmaciaApplicationTests       : Running with Spring Boot v3.5.4, Spring v6.2.9
2025-09-14T21:36:40.422-03:00  INFO 77057 --- [Farmacia] [           main] c.e.u.t.F.FarmaciaApplicationTests       : No active profile set, falling back to 1 default profile: "default"
2025-09-14T21:36:40.448-03:00 DEBUG 77057 --- [Farmacia] [           main] o.s.w.c.s.GenericWebApplicationContext   : Refreshing org.springframework.web.context.support.GenericWebApplicationContext@405325cf
2025-09-14T21:36:41.307-03:00  INFO 77057 --- [Farmacia] [           main] .s.d.r.c.RepositoryConfigurationDelegate : Bootstrapping Spring Data JPA repositories in DEFAULT mode.
2025-09-14T21:36:41.384-03:00  INFO 77057 --- [Farmacia] [           main] .s.d.r.c.RepositoryConfigurationDelegate : Finished Spring Data repository scanning in 69 ms. Found 8 JPA repository interfaces.
2025-09-14T21:36:41.923-03:00  INFO 77057 --- [Farmacia] [           main] o.hibernate.jpa.internal.util.LogHelper  : HHH000204: Processing PersistenceUnitInfo [name: default]
2025-09-14T21:36:41.979-03:00  INFO 77057 --- [Farmacia] [           main] org.hibernate.Version                    : HHH000412: Hibernate ORM core version 6.6.22.Final
2025-09-14T21:36:42.011-03:00  INFO 77057 --- [Farmacia] [           main] o.h.c.internal.RegionFactoryInitiator    : HHH000026: Second-level cache disabled
2025-09-14T21:36:42.266-03:00  INFO 77057 --- [Farmacia] [           main] o.s.o.j.p.SpringPersistenceUnitInfo      : No LoadTimeWeaver setup: ignoring JPA class transformer
2025-09-14T21:36:42.297-03:00  INFO 77057 --- [Farmacia] [           main] com.zaxxer.hikari.HikariDataSource       : HikariPool-1 - Starting...
2025-09-14T21:36:42.300-03:00  WARN 77057 --- [Farmacia] [           main] c.zaxxer.hikari.util.DriverDataSource    : Registered driver with driverClassName=com.mysql.jdbc.Driver was not found, trying direct instantiation.
2025-09-14T21:36:42.649-03:00  INFO 77057 --- [Farmacia] [           main] com.zaxxer.hikari.pool.HikariPool        : HikariPool-1 - Added connection com.mysql.cj.jdbc.ConnectionImpl@68360fb9
2025-09-14T21:36:42.652-03:00  INFO 77057 --- [Farmacia] [           main] com.zaxxer.hikari.HikariDataSource       : HikariPool-1 - Start completed.
2025-09-14T21:36:42.725-03:00  WARN 77057 --- [Farmacia] [           main] org.hibernate.orm.deprecation            : HHH90000025: MySQL8Dialect does not need to be specified explicitly using 'hibernate.dialect' (remove the property setting and it will be selected by default)
2025-09-14T21:36:42.727-03:00  WARN 77057 --- [Farmacia] [           main] org.hibernate.orm.deprecation            : HHH90000026: MySQL8Dialect has been deprecated; use org.hibernate.dialect.MySQLDialect instead
2025-09-14T21:36:42.750-03:00  INFO 77057 --- [Farmacia] [           main] org.hibernate.orm.connections.pooling    : HHH10001005: Database info:
	Database JDBC URL [Connecting through datasource 'HikariDataSource (HikariPool-1)']
	Database driver: undefined/unknown
	Database version: 8.0
	Autocommit mode: undefined/unknown
	Isolation level: undefined/unknown
	Minimum pool size: undefined/unknown
	Maximum pool size: undefined/unknown
2025-09-14T21:36:43.846-03:00  INFO 77057 --- [Farmacia] [           main] o.h.e.t.j.p.i.JtaPlatformInitiator       : HHH000489: No JTA platform available (set 'hibernate.transaction.jta.platform' to enable JTA platform integration)
2025-09-14T21:36:44.000-03:00  INFO 77057 --- [Farmacia] [           main] j.LocalContainerEntityManagerFactoryBean : Initialized JPA EntityManagerFactory for persistence unit 'default'
Hibernate: select r1_0.id,r1_0.description,r1_0.name from roles r1_0 where r1_0.name=?
Hibernate: select r1_0.id,r1_0.description,r1_0.name from roles r1_0 where r1_0.name=?
Hibernate: select r1_0.id,r1_0.description,r1_0.name from roles r1_0 where r1_0.name=?
Hibernate: select r1_0.id,r1_0.description,r1_0.name from roles r1_0 where r1_0.name=?
2025-09-14T21:36:44.838-03:00  INFO 77057 --- [Farmacia] [           main] eAuthenticationProviderManagerConfigurer : Global AuthenticationManager configured with AuthenticationProvider bean with name authenticationProvider
2025-09-14T21:36:44.839-03:00  WARN 77057 --- [Farmacia] [           main] r$InitializeUserDetailsManagerConfigurer : Global AuthenticationManager configured with an AuthenticationProvider bean. UserDetailsService beans will not be used by Spring Security for automatically configuring username/password login. Consider removing the AuthenticationProvider bean. Alternatively, consider using the UserDetailsService in a manually instantiated DaoAuthenticationProvider. If the current configuration is intentional, to turn off this warning, increase the logging level of 'org.springframework.security.config.annotation.authentication.configuration.InitializeUserDetailsBeanManagerConfigurer' to ERROR
2025-09-14T21:36:44.886-03:00  WARN 77057 --- [Farmacia] [           main] JpaBaseConfiguration$JpaWebConfiguration : spring.jpa.open-in-view is enabled by default. Therefore, database queries may be performed during view rendering. Explicitly configure spring.jpa.open-in-view to disable this warning
2025-09-14T21:36:45.009-03:00 DEBUG 77057 --- [Farmacia] [           main] s.w.s.m.m.a.RequestMappingHandlerMapping : 29 mappings in 'requestMappingHandlerMapping'
2025-09-14T21:36:45.151-03:00 DEBUG 77057 --- [Farmacia] [           main] o.s.w.s.handler.SimpleUrlHandlerMapping  : Patterns [/webjars/**, /**] in 'resourceHandlerMapping'
2025-09-14T21:36:45.303-03:00  INFO 77057 --- [Farmacia] [           main] o.s.b.a.e.web.EndpointLinksResolver      : Exposing 1 endpoint beneath base path '/actuator'
2025-09-14T21:36:45.455-03:00 DEBUG 77057 --- [Farmacia] [           main] o.s.s.web.DefaultSecurityFilterChain     : Will secure any request with filters: DisableEncodeUrlFilter, WebAsyncManagerIntegrationFilter, SecurityContextHolderFilter, HeaderWriterFilter, LogoutFilter, JwtAuthenticationFilter, RequestCacheAwareFilter, SecurityContextHolderAwareRequestFilter, AnonymousAuthenticationFilter, SessionManagementFilter, ExceptionTranslationFilter, AuthorizationFilter
2025-09-14T21:36:45.611-03:00 DEBUG 77057 --- [Farmacia] [           main] s.w.s.m.m.a.RequestMappingHandlerAdapter : ControllerAdvice beans: 0 @ModelAttribute, 0 @InitBinder, 1 RequestBodyAdvice, 1 ResponseBodyAdvice
2025-09-14T21:36:45.667-03:00 DEBUG 77057 --- [Farmacia] [           main] .m.m.a.ExceptionHandlerExceptionResolver : ControllerAdvice beans: 1 @ExceptionHandler, 1 ResponseBodyAdvice
2025-09-14T21:36:45.869-03:00  INFO 77057 --- [Farmacia] [           main] c.e.u.t.F.FarmaciaApplicationTests       : Started FarmaciaApplicationTests in 5.754 seconds (process running for 6.455)
]]></system-out>
    <system-err><![CDATA[Loading class `com.mysql.jdbc.Driver'. This is deprecated. The new driver class is `com.mysql.cj.jdbc.Driver'. The driver is automatically registered via the SPI and manual loading of the driver class is generally unnecessary.
]]></system-err>
  </testcase>
</testsuite>